<?xml version="1.0" encoding="UTF-8"?>
<testng-results skipped="0" failed="0" ignored="0" total="1" passed="1">
  <reporter-output>
  </reporter-output>
  <suite name="Default suite" duration-ms="10681" started-at="2020-05-03T22:37:50 IST" finished-at="2020-05-03T22:38:01 IST">
    <groups>
    </groups>
    <test name="Default test" duration-ms="10681" started-at="2020-05-03T22:37:50 IST" finished-at="2020-05-03T22:38:01 IST">
      <class name="com.qa.testcases.PageClass1Test">
        <test-method status="PASS" signature="setup()[pri:0, instance:com.qa.testcases.PageClass1Test@76707e36]" name="setup" is-config="true" duration-ms="9083" started-at="2020-05-03T22:37:51 IST" finished-at="2020-05-03T22:38:00 IST">
          <reporter-output>
          </reporter-output>
        </test-method> <!-- setup -->
        <test-method status="PASS" signature="selectDropDown()[pri:0, instance:com.qa.testcases.PageClass1Test@76707e36]" name="selectDropDown" duration-ms="933" started-at="2020-05-03T22:38:00 IST" finished-at="2020-05-03T22:38:01 IST">
          <reporter-output>
          </reporter-output>
        </test-method> <!-- selectDropDown -->
        <test-method status="PASS" signature="tearDown()[pri:0, instance:com.qa.testcases.PageClass1Test@76707e36]" name="tearDown" is-config="true" duration-ms="627" started-at="2020-05-03T22:38:01 IST" finished-at="2020-05-03T22:38:01 IST">
          <reporter-output>
          </reporter-output>
        </test-method> <!-- tearDown -->
      </class> <!-- com.qa.testcases.PageClass1Test -->
    </test> <!-- Default test -->
  </suite> <!-- Default suite -->
</testng-results>
